<?xml version="1.0" encoding="UTF-8" ?>
<testsuite failures="0" time="0.001" errors="0" skipped="0" tests="2" name="com.mycompany.ohmawebkauppa.sovelluslogiikka.ohjaus.OstoksenPoistoKoristaTest">
  <properties>
[...]
</properties>
  <testcase time="0" classname="com.mycompany.ohmawebkauppa.sovelluslogiikka.ohjaus.OstoksenPoistoKoristaTest" name="poistettuTuoteEiEnaaKorissa"/>
  <testcase time="0" classname="com.mycompany.ohmawebkauppa.sovelluslogiikka.ohjaus.OstoksenPoistoKoristaTest" name="tuotteenMaaraKasvaa"/>
</testsuite>